<?xml version="1.0" encoding="UTF-8"?>
<!-- Generated by org.testng.reporters.JUnitReportReporter -->
<testsuite hostname="DESKTOP-QGPVCAQ" failures="0" tests="1" name="demojenkin.demojenkinmaven.class1" time="0.012" errors="0" timestamp="5 Feb 2021 08:13:54 GMT">
  <testcase classname="demojenkin.demojenkinmaven.class1" name="display" time="0.012"/>
</testsuite> <!-- demojenkin.demojenkinmaven.class1 -->
